2020-07-02 11:22:16.852  INFO mb1066 --- [  restartedMain] o.s.b.d.r.ChangeableUrls                 : The Class-Path manifest attribute in /Users/astampa/.m2/repository/org/glassfish/jaxb/jaxb-runtime/2.3.2/jaxb-runtime-2.3.2.jar referenced one or more files that do not exist: file:/Users/astampa/.m2/repository/org/glassfish/jaxb/jaxb-runtime/2.3.2/jakarta.xml.bind-api-2.3.2.jar,file:/Users/astampa/.m2/repository/org/glassfish/jaxb/jaxb-runtime/2.3.2/txw2-2.3.2.jar,file:/Users/astampa/.m2/repository/org/glassfish/jaxb/jaxb-runtime/2.3.2/istack-commons-runtime-3.0.8.jar,file:/Users/astampa/.m2/repository/org/glassfish/jaxb/jaxb-runtime/2.3.2/stax-ex-1.8.1.jar,file:/Users/astampa/.m2/repository/org/glassfish/jaxb/jaxb-runtime/2.3.2/FastInfoset-1.2.16.jar,file:/Users/astampa/.m2/repository/org/glassfish/jaxb/jaxb-runtime/2.3.2/jakarta.activation-api-1.2.1.jar
2020-07-02 11:22:16.853  INFO mb1066 --- [  restartedMain] .e.DevToolsPropertyDefaultsPostProcessor : Devtools property defaults active! Set 'spring.devtools.add-properties' to 'false' to disable
2020-07-02 11:22:16.853  INFO mb1066 --- [  restartedMain] .e.DevToolsPropertyDefaultsPostProcessor : For additional web related logging consider setting the 'logging.level.web' property to 'DEBUG'
2020-07-02 11:22:17.574  INFO mb1066 --- [  restartedMain] .s.d.r.c.RepositoryConfigurationDelegate : Bootstrapping Spring Data JPA repositories in DEFAULT mode.
2020-07-02 11:22:17.616  INFO mb1066 --- [  restartedMain] .s.d.r.c.RepositoryConfigurationDelegate : Finished Spring Data repository scanning in 36ms. Found 3 JPA repository interfaces.
2020-07-02 11:22:17.993  INFO mb1066 --- [  restartedMain] o.s.b.w.e.t.TomcatWebServer              : Tomcat initialized with port(s): 8080 (http)
2020-07-02 11:22:17.999  INFO mb1066 --- [  restartedMain] o.a.c.h.Http11NioProtocol                : Initializing ProtocolHandler ["http-nio-8080"]
2020-07-02 11:22:18.000  INFO mb1066 --- [  restartedMain] o.a.c.c.StandardService                  : Starting service [Tomcat]
2020-07-02 11:22:18.000  INFO mb1066 --- [  restartedMain] o.a.c.c.StandardEngine                   : Starting Servlet engine: [Apache Tomcat/9.0.31]
2020-07-02 11:22:18.096  INFO mb1066 --- [  restartedMain] o.a.c.c.C.[.[.[/]                        : Initializing Spring embedded WebApplicationContext
2020-07-02 11:22:18.096  INFO mb1066 --- [  restartedMain] o.s.w.c.ContextLoader                    : Root WebApplicationContext: initialization completed in 1243 ms
2020-07-02 11:22:18.221  INFO mb1066 --- [  restartedMain] c.z.h.HikariDataSource                   : HikariPool-1 - Starting...
2020-07-02 11:22:18.324  INFO mb1066 --- [  restartedMain] c.z.h.HikariDataSource                   : HikariPool-1 - Start completed.
2020-07-02 11:22:18.330  INFO mb1066 --- [  restartedMain] o.s.b.a.h.H2ConsoleAutoConfiguration     : H2 console available at '/h2-console/'. Database available at 'jdbc:h2:mem:chatdb'
2020-07-02 11:22:18.526  INFO mb1066 --- [  restartedMain] o.h.j.i.u.LogHelper                      : HHH000204: Processing PersistenceUnitInfo [name: default]
2020-07-02 11:22:18.568  INFO mb1066 --- [  restartedMain] o.h.Version                              : HHH000412: Hibernate ORM core version 5.4.12.Final
2020-07-02 11:22:18.632  INFO mb1066 --- [  restartedMain] o.h.a.c.Version                          : HCANN000001: Hibernate Commons Annotations {5.1.0.Final}
2020-07-02 11:22:18.691  INFO mb1066 --- [  restartedMain] o.h.d.Dialect                            : HHH000400: Using dialect: org.hibernate.dialect.H2Dialect
2020-07-02 11:22:19.228  INFO mb1066 --- [  restartedMain] o.h.e.t.j.p.i.JtaPlatformInitiator       : HHH000490: Using JtaPlatform implementation: [org.hibernate.engine.transaction.jta.platform.internal.NoJtaPlatform]
2020-07-02 11:22:19.232  INFO mb1066 --- [  restartedMain] j.LocalContainerEntityManagerFactoryBean : Initialized JPA EntityManagerFactory for persistence unit 'default'
2020-07-02 11:22:19.257  INFO mb1066 --- [  restartedMain] o.s.b.d.a.OptionalLiveReloadServer       : LiveReload server is running on port 35729
2020-07-02 11:22:19.636  WARN mb1066 --- [  restartedMain] JpaBaseConfiguration$JpaWebConfiguration : spring.jpa.open-in-view is enabled by default. Therefore, database queries may be performed during view rendering. Explicitly configure spring.jpa.open-in-view to disable this warning
2020-07-02 11:22:19.787  INFO mb1066 --- [  restartedMain] o.s.s.w.DefaultSecurityFilterChain       : Creating filter chain: any request, [org.springframework.security.web.context.request.async.WebAsyncManagerIntegrationFilter@4ebdce22, org.springframework.security.web.context.SecurityContextPersistenceFilter@6deec9d8, org.springframework.security.web.header.HeaderWriterFilter@4f0f248f, org.springframework.security.web.csrf.CsrfFilter@942f4c4, org.springframework.security.web.authentication.logout.LogoutFilter@ae1c291, org.springframework.security.web.authentication.UsernamePasswordAuthenticationFilter@2e89e432, org.springframework.security.web.savedrequest.RequestCacheAwareFilter@4a2c8963, org.springframework.security.web.servletapi.SecurityContextHolderAwareRequestFilter@2681aced, org.springframework.security.web.authentication.AnonymousAuthenticationFilter@7ac689e9, org.springframework.security.web.session.SessionManagementFilter@52e5c903, org.springframework.security.web.access.ExceptionTranslationFilter@539c9f3e, org.springframework.security.web.access.intercept.FilterSecurityInterceptor@6ba20ce8]
2020-07-02 11:22:19.939  INFO mb1066 --- [  restartedMain] o.s.s.c.ThreadPoolTaskExecutor           : Initializing ExecutorService 'applicationTaskExecutor'
2020-07-02 11:22:20.048  INFO mb1066 --- [  restartedMain] o.s.b.a.w.s.WelcomePageHandlerMapping    : Adding welcome page: class path resource [static/index.html]
2020-07-02 11:22:20.260  INFO mb1066 --- [  restartedMain] o.s.b.a.e.w.EndpointLinksResolver        : Exposing 2 endpoint(s) beneath base path '/actuator'
2020-07-02 11:22:20.310  INFO mb1066 --- [  restartedMain] o.a.c.h.Http11NioProtocol                : Starting ProtocolHandler ["http-nio-8080"]
2020-07-02 11:22:20.341  INFO mb1066 --- [  restartedMain] o.s.b.w.e.t.TomcatWebServer              : Tomcat started on port(s): 8080 (http) with context path ''
2020-07-02 11:22:20.591  INFO mb1066 --- [)-192.168.1.126] o.a.c.c.C.[.[.[/]                        : Initializing Spring DispatcherServlet 'dispatcherServlet'
2020-07-02 11:22:20.591  INFO mb1066 --- [)-192.168.1.126] o.s.w.s.DispatcherServlet                : Initializing Servlet 'dispatcherServlet'
2020-07-02 11:22:20.597  INFO mb1066 --- [)-192.168.1.126] o.s.w.s.DispatcherServlet                : Completed initialization in 6 ms
2020-07-02 11:23:11.094  INFO mb1066 --- [extShutdownHook] o.s.s.c.ThreadPoolTaskExecutor           : Shutting down ExecutorService 'applicationTaskExecutor'
2020-07-02 11:23:11.096  INFO mb1066 --- [extShutdownHook] j.LocalContainerEntityManagerFactoryBean : Closing JPA EntityManagerFactory for persistence unit 'default'
2020-07-02 11:23:11.311  WARN mb1066 --- [extShutdownHook] o.s.b.f.s.DisposableBeanAdapter          : Invocation of destroy method failed on bean with name 'inMemoryDatabaseShutdownExecutor': org.h2.jdbc.JdbcSQLNonTransientConnectionException: Database is already closed (to disable automatic closing at VM shutdown, add ";DB_CLOSE_ON_EXIT=FALSE" to the db URL) [90121-200]
2020-07-02 11:23:11.312  INFO mb1066 --- [extShutdownHook] c.z.h.HikariDataSource                   : HikariPool-1 - Shutdown initiated...
2020-07-02 11:23:11.363  INFO mb1066 --- [extShutdownHook] c.z.h.HikariDataSource                   : HikariPool-1 - Shutdown completed.
2020-07-02 11:23:13.908  INFO mb1066 --- [  restartedMain] c.b.p.s.Application                      : Starting Application on mb1066 with PID 21751 (/Users/astampa/school/modul_183/dev/51_01_SpringBootChatAppSoSpriAusgangslage/target/classes started by astampa in /Users/astampa/school/modul_183/dev/51_01_SpringBootChatAppSoSpriAusgangslage)
2020-07-02 11:23:13.913 DEBUG mb1066 --- [  restartedMain] c.b.p.s.Application                      : Running with Spring Boot v2.2.5.RELEASE, Spring v5.2.4.RELEASE
2020-07-02 11:23:13.913  INFO mb1066 --- [  restartedMain] c.b.p.s.Application                      : No active profile set, falling back to default profiles: default
2020-07-02 11:23:13.947  INFO mb1066 --- [  restartedMain] o.s.b.d.r.ChangeableUrls                 : The Class-Path manifest attribute in /Users/astampa/.m2/repository/org/glassfish/jaxb/jaxb-runtime/2.3.2/jaxb-runtime-2.3.2.jar referenced one or more files that do not exist: file:/Users/astampa/.m2/repository/org/glassfish/jaxb/jaxb-runtime/2.3.2/jakarta.xml.bind-api-2.3.2.jar,file:/Users/astampa/.m2/repository/org/glassfish/jaxb/jaxb-runtime/2.3.2/txw2-2.3.2.jar,file:/Users/astampa/.m2/repository/org/glassfish/jaxb/jaxb-runtime/2.3.2/istack-commons-runtime-3.0.8.jar,file:/Users/astampa/.m2/repository/org/glassfish/jaxb/jaxb-runtime/2.3.2/stax-ex-1.8.1.jar,file:/Users/astampa/.m2/repository/org/glassfish/jaxb/jaxb-runtime/2.3.2/FastInfoset-1.2.16.jar,file:/Users/astampa/.m2/repository/org/glassfish/jaxb/jaxb-runtime/2.3.2/jakarta.activation-api-1.2.1.jar
2020-07-02 11:23:13.947  INFO mb1066 --- [  restartedMain] .e.DevToolsPropertyDefaultsPostProcessor : Devtools property defaults active! Set 'spring.devtools.add-properties' to 'false' to disable
2020-07-02 11:23:13.948  INFO mb1066 --- [  restartedMain] .e.DevToolsPropertyDefaultsPostProcessor : For additional web related logging consider setting the 'logging.level.web' property to 'DEBUG'
2020-07-02 11:23:14.666  INFO mb1066 --- [  restartedMain] .s.d.r.c.RepositoryConfigurationDelegate : Bootstrapping Spring Data JPA repositories in DEFAULT mode.
2020-07-02 11:23:14.704  INFO mb1066 --- [  restartedMain] .s.d.r.c.RepositoryConfigurationDelegate : Finished Spring Data repository scanning in 34ms. Found 3 JPA repository interfaces.
2020-07-02 11:23:15.084  INFO mb1066 --- [  restartedMain] o.s.b.w.e.t.TomcatWebServer              : Tomcat initialized with port(s): 8080 (http)
2020-07-02 11:23:15.090  INFO mb1066 --- [  restartedMain] o.a.c.h.Http11NioProtocol                : Initializing ProtocolHandler ["http-nio-8080"]
2020-07-02 11:23:15.091  INFO mb1066 --- [  restartedMain] o.a.c.c.StandardService                  : Starting service [Tomcat]
2020-07-02 11:23:15.091  INFO mb1066 --- [  restartedMain] o.a.c.c.StandardEngine                   : Starting Servlet engine: [Apache Tomcat/9.0.31]
2020-07-02 11:23:15.180  INFO mb1066 --- [  restartedMain] o.a.c.c.C.[.[.[/]                        : Initializing Spring embedded WebApplicationContext
2020-07-02 11:23:15.180  INFO mb1066 --- [  restartedMain] o.s.w.c.ContextLoader                    : Root WebApplicationContext: initialization completed in 1232 ms
2020-07-02 11:23:15.308  INFO mb1066 --- [  restartedMain] c.z.h.HikariDataSource                   : HikariPool-1 - Starting...
2020-07-02 11:23:15.407  INFO mb1066 --- [  restartedMain] c.z.h.HikariDataSource                   : HikariPool-1 - Start completed.
2020-07-02 11:23:15.413  INFO mb1066 --- [  restartedMain] o.s.b.a.h.H2ConsoleAutoConfiguration     : H2 console available at '/h2-console/'. Database available at 'jdbc:h2:mem:chatdb'
2020-07-02 11:23:15.609  INFO mb1066 --- [  restartedMain] o.h.j.i.u.LogHelper                      : HHH000204: Processing PersistenceUnitInfo [name: default]
2020-07-02 11:23:15.648  INFO mb1066 --- [  restartedMain] o.h.Version                              : HHH000412: Hibernate ORM core version 5.4.12.Final
2020-07-02 11:23:15.711  INFO mb1066 --- [  restartedMain] o.h.a.c.Version                          : HCANN000001: Hibernate Commons Annotations {5.1.0.Final}
2020-07-02 11:23:15.767  INFO mb1066 --- [  restartedMain] o.h.d.Dialect                            : HHH000400: Using dialect: org.hibernate.dialect.H2Dialect
2020-07-02 11:23:16.356  INFO mb1066 --- [  restartedMain] o.h.e.t.j.p.i.JtaPlatformInitiator       : HHH000490: Using JtaPlatform implementation: [org.hibernate.engine.transaction.jta.platform.internal.NoJtaPlatform]
2020-07-02 11:23:16.360  INFO mb1066 --- [  restartedMain] j.LocalContainerEntityManagerFactoryBean : Initialized JPA EntityManagerFactory for persistence unit 'default'
2020-07-02 11:23:16.384  INFO mb1066 --- [  restartedMain] o.s.b.d.a.OptionalLiveReloadServer       : LiveReload server is running on port 35729
2020-07-02 11:23:16.708  WARN mb1066 --- [  restartedMain] JpaBaseConfiguration$JpaWebConfiguration : spring.jpa.open-in-view is enabled by default. Therefore, database queries may be performed during view rendering. Explicitly configure spring.jpa.open-in-view to disable this warning
2020-07-02 11:23:16.808  INFO mb1066 --- [  restartedMain] o.s.s.w.DefaultSecurityFilterChain       : Creating filter chain: any request, [org.springframework.security.web.context.request.async.WebAsyncManagerIntegrationFilter@1a58ecfc, org.springframework.security.web.context.SecurityContextPersistenceFilter@296d3146, org.springframework.security.web.header.HeaderWriterFilter@6daca3f6, org.springframework.security.web.csrf.CsrfFilter@83db3e, org.springframework.security.web.authentication.logout.LogoutFilter@10c8bd79, org.springframework.security.web.authentication.UsernamePasswordAuthenticationFilter@2c65482e, org.springframework.security.web.savedrequest.RequestCacheAwareFilter@1efcf1a5, org.springframework.security.web.servletapi.SecurityContextHolderAwareRequestFilter@2774a678, org.springframework.security.web.authentication.AnonymousAuthenticationFilter@33fbc4a1, org.springframework.security.web.session.SessionManagementFilter@1258a1c1, org.springframework.security.web.access.ExceptionTranslationFilter@26149412, org.springframework.security.web.access.intercept.FilterSecurityInterceptor@1ecf7a7f]
2020-07-02 11:23:16.978  INFO mb1066 --- [  restartedMain] o.s.s.c.ThreadPoolTaskExecutor           : Initializing ExecutorService 'applicationTaskExecutor'
2020-07-02 11:23:17.040  INFO mb1066 --- [  restartedMain] o.s.b.a.w.s.WelcomePageHandlerMapping    : Adding welcome page: class path resource [static/index.html]
2020-07-02 11:23:17.272  INFO mb1066 --- [  restartedMain] o.s.b.a.e.w.EndpointLinksResolver        : Exposing 2 endpoint(s) beneath base path '/actuator'
2020-07-02 11:23:17.323  INFO mb1066 --- [  restartedMain] o.a.c.h.Http11NioProtocol                : Starting ProtocolHandler ["http-nio-8080"]
2020-07-02 11:23:17.358  INFO mb1066 --- [  restartedMain] o.s.b.w.e.t.TomcatWebServer              : Tomcat started on port(s): 8080 (http) with context path ''
2020-07-02 11:23:17.362  INFO mb1066 --- [  restartedMain] c.b.p.s.Application                      : Started Application in 3.62 seconds (JVM running for 4.435)
2020-07-02 11:23:17.704  INFO mb1066 --- [)-192.168.1.126] o.a.c.c.C.[.[.[/]                        : Initializing Spring DispatcherServlet 'dispatcherServlet'
2020-07-02 11:23:17.705  INFO mb1066 --- [)-192.168.1.126] o.s.w.s.DispatcherServlet                : Initializing Servlet 'dispatcherServlet'
2020-07-02 11:23:17.710  INFO mb1066 --- [)-192.168.1.126] o.s.w.s.DispatcherServlet                : Completed initialization in 5 ms
2020-07-02 11:23:27.426  INFO mb1066 --- [nio-8080-exec-5] c.b.p.s.s.h.LoginSuccessHandler          : user with id = 2 has been logged in successfully
2020-07-02 11:23:27.426 DEBUG mb1066 --- [nio-8080-exec-5] c.b.p.s.s.h.LoginSuccessHandler          : Redirecting to DefaultSavedRequest Url: http://localhost:8080/
2020-07-02 11:23:40.037  WARN mb1066 --- [nio-8080-exec-1] c.b.p.s.s.h.CustomAccessDeniedHandler    : user with id = 2 tried to access page http://localhost:8080/members
2020-07-02 12:04:06.511  INFO mb1066 --- [extShutdownHook] o.s.s.c.ThreadPoolTaskExecutor           : Shutting down ExecutorService 'applicationTaskExecutor'
2020-07-02 12:04:06.512  INFO mb1066 --- [extShutdownHook] j.LocalContainerEntityManagerFactoryBean : Closing JPA EntityManagerFactory for persistence unit 'default'
2020-07-02 12:04:06.732  WARN mb1066 --- [extShutdownHook] o.s.b.f.s.DisposableBeanAdapter          : Invocation of destroy method failed on bean with name 'inMemoryDatabaseShutdownExecutor': org.h2.jdbc.JdbcSQLNonTransientConnectionException: Database is already closed (to disable automatic closing at VM shutdown, add ";DB_CLOSE_ON_EXIT=FALSE" to the db URL) [90121-200]
2020-07-02 12:04:06.733  INFO mb1066 --- [extShutdownHook] c.z.h.HikariDataSource                   : HikariPool-1 - Shutdown initiated...
2020-07-02 12:04:06.783  INFO mb1066 --- [extShutdownHook] c.z.h.HikariDataSource                   : HikariPool-1 - Shutdown completed.
